<?xml version="1.0" encoding="UTF-8"?>
<coverage generated="1679941436944" clover="3.2.0">
  <project timestamp="1679941436944" name="All files">
    <metrics statements="7" coveredstatements="4" conditionals="0" coveredconditionals="0" methods="4" coveredmethods="1" elements="11" coveredelements="5" complexity="0" loc="7" ncloc="7" packages="3" files="3" classes="3"/>
    <package name="assets">
      <metrics statements="3" coveredstatements="1" conditionals="0" coveredconditionals="0" methods="2" coveredmethods="0"/>
      <file name="Stylesheet.jsx" path="/home/brawoods/hackreactor/senior-phase/black-clover-FEC/client/src/assets/Stylesheet.jsx">
        <metrics statements="3" coveredstatements="1" conditionals="0" coveredconditionals="0" methods="2" coveredmethods="0"/>
        <line num="3" count="1" type="stmt"/>
        <line num="138" count="0" type="stmt"/>
        <line num="143" count="0" type="stmt"/>
      </file>
    </package>
    <package name="components.related.assets">
      <metrics statements="1" coveredstatements="1" conditionals="0" coveredconditionals="0" methods="0" coveredmethods="0"/>
      <file name="Stylesheet.jsx" path="/home/brawoods/hackreactor/senior-phase/black-clover-FEC/client/src/components/related/assets/Stylesheet.jsx">
        <metrics statements="1" coveredstatements="1" conditionals="0" coveredconditionals="0" methods="0" coveredmethods="0"/>
        <line num="5" count="1" type="stmt"/>
      </file>
    </package>
    <package name="components.related.card_components">
      <metrics statements="3" coveredstatements="2" conditionals="0" coveredconditionals="0" methods="2" coveredmethods="1"/>
      <file name="AddToOutfitCard.jsx" path="/home/brawoods/hackreactor/senior-phase/black-clover-FEC/client/src/components/related/card_components/AddToOutfitCard.jsx">
        <metrics statements="3" coveredstatements="2" conditionals="0" coveredconditionals="0" methods="2" coveredmethods="1"/>
        <line num="6" count="1" type="stmt"/>
        <line num="8" count="1" type="stmt"/>
        <line num="9" count="0" type="stmt"/>
      </file>
    </package>
  </project>
</coverage>
