{"/home/brawoods/hackreactor/senior-phase/black-clover-FEC/client/src/assets/Stars.jsx": {"path":"/home/brawoods/hackreactor/senior-phase/black-clover-FEC/client/src/assets/Stars.jsx","statementMap":{"0":{"start":{"line":8,"column":13},"end":{"line":8,"column":85}},"1":{"start":{"line":8,"column":30},"end":{"line":8,"column":85}},"2":{"start":{"line":10,"column":17},"end":{"line":14,"column":1}},"3":{"start":{"line":16,"column":19},"end":{"line":18,"column":1}},"4":{"start":{"line":19,"column":21},"end":{"line":21,"column":1}},"5":{"start":{"line":23,"column":20},"end":{"line":32,"column":1}},"6":{"start":{"line":24,"column":2},"end":{"line":31,"column":9}},"7":{"start":{"line":34,"column":14},"end":{"line":60,"column":1}},"8":{"start":{"line":35,"column":20},"end":{"line":35,"column":38}},"9":{"start":{"line":36,"column":20},"end":{"line":36,"column":38}},"10":{"start":{"line":37,"column":23},"end":{"line":37,"column":70}},"11":{"start":{"line":38,"column":24},"end":{"line":38,"column":45}},"12":{"start":{"line":40,"column":14},"end":{"line":40,"column":16}},"13":{"start":{"line":41,"column":12},"end":{"line":41,"column":13}},"14":{"start":{"line":42,"column":2},"end":{"line":45,"column":3}},"15":{"start":{"line":42,"column":15},"end":{"line":42,"column":16}},"16":{"start":{"line":43,"column":4},"end":{"line":43,"column":41}},"17":{"start":{"line":44,"column":4},"end":{"line":44,"column":10}},"18":{"start":{"line":46,"column":2},"end":{"line":49,"column":3}},"19":{"start":{"line":47,"column":4},"end":{"line":47,"column":67}},"20":{"start":{"line":48,"column":4},"end":{"line":48,"column":10}},"21":{"start":{"line":50,"column":2},"end":{"line":53,"column":3}},"22":{"start":{"line":50,"column":15},"end":{"line":50,"column":16}},"23":{"start":{"line":51,"column":4},"end":{"line":51,"column":43}},"24":{"start":{"line":52,"column":4},"end":{"line":52,"column":10}},"25":{"start":{"line":55,"column":2},"end":{"line":59,"column":4}}},"fnMap":{"0":{"name":"(anonymous_0)","decl":{"start":{"line":8,"column":13},"end":{"line":8,"column":14}},"loc":{"start":{"line":8,"column":30},"end":{"line":8,"column":85}},"line":8},"1":{"name":"(anonymous_1)","decl":{"start":{"line":23,"column":20},"end":{"line":23,"column":21}},"loc":{"start":{"line":24,"column":2},"end":{"line":31,"column":9}},"line":24},"2":{"name":"(anonymous_2)","decl":{"start":{"line":34,"column":14},"end":{"line":34,"column":15}},"loc":{"start":{"line":34,"column":28},"end":{"line":60,"column":1}},"line":34}},"branchMap":{"0":{"loc":{"start":{"line":46,"column":2},"end":{"line":49,"column":3}},"type":"if","locations":[{"start":{"line":46,"column":2},"end":{"line":49,"column":3}},{"start":{},"end":{}}],"line":46}},"s":{"0":1,"1":0,"2":1,"3":1,"4":1,"5":1,"6":0,"7":1,"8":0,"9":0,"10":0,"11":0,"12":0,"13":0,"14":0,"15":0,"16":0,"17":0,"18":0,"19":0,"20":0,"21":0,"22":0,"23":0,"24":0,"25":0},"f":{"0":0,"1":0,"2":0},"b":{"0":[0,0]},"_coverageSchema":"1a1c01bbd47fc00a2c39e90264f33305004495a9","hash":"5622b4f8e3280eddd20e20fbdb7113dc2690ccdd"}
,"/home/brawoods/hackreactor/senior-phase/black-clover-FEC/client/src/assets/Stylesheet.jsx": {"path":"/home/brawoods/hackreactor/senior-phase/black-clover-FEC/client/src/assets/Stylesheet.jsx","statementMap":{"0":{"start":{"line":3,"column":17},"end":{"line":145,"column":1}},"1":{"start":{"line":124,"column":32},"end":{"line":124,"column":48}},"2":{"start":{"line":129,"column":36},"end":{"line":129,"column":52}}},"fnMap":{"0":{"name":"(anonymous_0)","decl":{"start":{"line":124,"column":23},"end":{"line":124,"column":24}},"loc":{"start":{"line":124,"column":32},"end":{"line":124,"column":48}},"line":124},"1":{"name":"(anonymous_1)","decl":{"start":{"line":129,"column":27},"end":{"line":129,"column":28}},"loc":{"start":{"line":129,"column":36},"end":{"line":129,"column":52}},"line":129}},"branchMap":{},"s":{"0":1,"1":0,"2":0},"f":{"0":0,"1":0},"b":{},"_coverageSchema":"1a1c01bbd47fc00a2c39e90264f33305004495a9","hash":"f499e490e0bee220ef0d01394251508ffccf905c"}
,"/home/brawoods/hackreactor/senior-phase/black-clover-FEC/client/src/components/related/RelatedProductsModule.jsx": {"path":"/home/brawoods/hackreactor/senior-phase/black-clover-FEC/client/src/components/related/RelatedProductsModule.jsx","statementMap":{"0":{"start":{"line":6,"column":30},"end":{"line":47,"column":1}},"1":{"start":{"line":8,"column":27},"end":{"line":8,"column":32}},"2":{"start":{"line":10,"column":38},"end":{"line":10,"column":50}},"3":{"start":{"line":11,"column":42},"end":{"line":11,"column":54}},"4":{"start":{"line":12,"column":52},"end":{"line":12,"column":64}},"5":{"start":{"line":15,"column":24},"end":{"line":19,"column":3}},"6":{"start":{"line":16,"column":4},"end":{"line":18,"column":36}},"7":{"start":{"line":17,"column":18},"end":{"line":17,"column":44}},"8":{"start":{"line":18,"column":18},"end":{"line":18,"column":34}},"9":{"start":{"line":24,"column":15},"end":{"line":24,"column":17}},"10":{"start":{"line":25,"column":4},"end":{"line":28,"column":5}},"11":{"start":{"line":26,"column":22},"end":{"line":26,"column":54}},"12":{"start":{"line":27,"column":6},"end":{"line":27,"column":25}},"13":{"start":{"line":29,"column":4},"end":{"line":29,"column":26}},"14":{"start":{"line":33,"column":2},"end":{"line":33,"column":59}},"15":{"start":{"line":33,"column":19},"end":{"line":33,"column":52}},"16":{"start":{"line":34,"column":2},"end":{"line":34,"column":82}},"17":{"start":{"line":34,"column":19},"end":{"line":34,"column":58}},"18":{"start":{"line":36,"column":2},"end":{"line":46,"column":3}}},"fnMap":{"0":{"name":"(anonymous_0)","decl":{"start":{"line":6,"column":30},"end":{"line":6,"column":31}},"loc":{"start":{"line":6,"column":36},"end":{"line":47,"column":1}},"line":6},"1":{"name":"(anonymous_1)","decl":{"start":{"line":15,"column":24},"end":{"line":15,"column":25}},"loc":{"start":{"line":15,"column":32},"end":{"line":19,"column":3}},"line":15},"2":{"name":"(anonymous_2)","decl":{"start":{"line":17,"column":10},"end":{"line":17,"column":11}},"loc":{"start":{"line":17,"column":18},"end":{"line":17,"column":44}},"line":17},"3":{"name":"(anonymous_3)","decl":{"start":{"line":18,"column":11},"end":{"line":18,"column":12}},"loc":{"start":{"line":18,"column":18},"end":{"line":18,"column":34}},"line":18},"4":{"name":"populateRelatedItems","decl":{"start":{"line":22,"column":17},"end":{"line":22,"column":37}},"loc":{"start":{"line":22,"column":51},"end":{"line":30,"column":3}},"line":22},"5":{"name":"(anonymous_5)","decl":{"start":{"line":33,"column":12},"end":{"line":33,"column":13}},"loc":{"start":{"line":33,"column":18},"end":{"line":33,"column":53}},"line":33},"6":{"name":"(anonymous_6)","decl":{"start":{"line":34,"column":12},"end":{"line":34,"column":13}},"loc":{"start":{"line":34,"column":18},"end":{"line":34,"column":59}},"line":34}},"branchMap":{},"s":{"0":1,"1":1,"2":1,"3":1,"4":1,"5":1,"6":0,"7":0,"8":0,"9":0,"10":0,"11":0,"12":0,"13":0,"14":1,"15":0,"16":1,"17":0,"18":1},"f":{"0":1,"1":0,"2":0,"3":0,"4":0,"5":0,"6":0},"b":{},"_coverageSchema":"1a1c01bbd47fc00a2c39e90264f33305004495a9","hash":"02fa3ff2b4ea347f0508390f9c9582dbd9720258"}
,"/home/brawoods/hackreactor/senior-phase/black-clover-FEC/client/src/components/related/assets/Stylesheet.jsx": {"path":"/home/brawoods/hackreactor/senior-phase/black-clover-FEC/client/src/components/related/assets/Stylesheet.jsx","statementMap":{"0":{"start":{"line":4,"column":19},"end":{"line":36,"column":1}}},"fnMap":{},"branchMap":{},"s":{"0":1},"f":{},"b":{},"_coverageSchema":"1a1c01bbd47fc00a2c39e90264f33305004495a9","hash":"5c8bdcf80f7ddfc6840bbb7007575ddf62457860"}
,"/home/brawoods/hackreactor/senior-phase/black-clover-FEC/client/src/components/related/card_components/ProductInformation.jsx": {"path":"/home/brawoods/hackreactor/senior-phase/black-clover-FEC/client/src/components/related/card_components/ProductInformation.jsx","statementMap":{"0":{"start":{"line":5,"column":20},"end":{"line":15,"column":1}},"1":{"start":{"line":8,"column":2},"end":{"line":14,"column":3}}},"fnMap":{"0":{"name":"(anonymous_0)","decl":{"start":{"line":5,"column":20},"end":{"line":5,"column":21}},"loc":{"start":{"line":5,"column":53},"end":{"line":15,"column":1}},"line":5}},"branchMap":{},"s":{"0":1,"1":0},"f":{"0":0},"b":{},"_coverageSchema":"1a1c01bbd47fc00a2c39e90264f33305004495a9","hash":"600a2f5e56d00f98dd3cad24df59998925516302"}
,"/home/brawoods/hackreactor/senior-phase/black-clover-FEC/client/src/components/related/card_components/RelatedProductCard.jsx": {"path":"/home/brawoods/hackreactor/senior-phase/black-clover-FEC/client/src/components/related/card_components/RelatedProductCard.jsx","statementMap":{"0":{"start":{"line":7,"column":27},"end":{"line":63,"column":1}},"1":{"start":{"line":10,"column":21},"end":{"line":14,"column":1}},"2":{"start":{"line":11,"column":2},"end":{"line":13,"column":3}},"3":{"start":{"line":12,"column":4},"end":{"line":12,"column":16}},"4":{"start":{"line":16,"column":27},"end":{"line":23,"column":1}},"5":{"start":{"line":17,"column":2},"end":{"line":21,"column":3}},"6":{"start":{"line":17,"column":15},"end":{"line":17,"column":16}},"7":{"start":{"line":18,"column":4},"end":{"line":20,"column":5}},"8":{"start":{"line":19,"column":6},"end":{"line":19,"column":23}},"9":{"start":{"line":22,"column":2},"end":{"line":22,"column":19}},"10":{"start":{"line":26,"column":20},"end":{"line":32,"column":1}},"11":{"start":{"line":27,"column":2},"end":{"line":31,"column":3}},"12":{"start":{"line":28,"column":4},"end":{"line":28,"column":44}},"13":{"start":{"line":30,"column":4},"end":{"line":30,"column":38}},"14":{"start":{"line":35,"column":19},"end":{"line":38,"column":3}},"15":{"start":{"line":36,"column":21},"end":{"line":36,"column":47}},"16":{"start":{"line":37,"column":4},"end":{"line":37,"column":35}},"17":{"start":{"line":41,"column":19},"end":{"line":44,"column":3}},"18":{"start":{"line":42,"column":21},"end":{"line":42,"column":47}},"19":{"start":{"line":43,"column":4},"end":{"line":43,"column":46}},"20":{"start":{"line":46,"column":23},"end":{"line":49,"column":3}},"21":{"start":{"line":47,"column":21},"end":{"line":47,"column":47}},"22":{"start":{"line":48,"column":4},"end":{"line":48,"column":27}},"23":{"start":{"line":51,"column":2},"end":{"line":62,"column":3}}},"fnMap":{"0":{"name":"(anonymous_0)","decl":{"start":{"line":7,"column":27},"end":{"line":7,"column":28}},"loc":{"start":{"line":7,"column":42},"end":{"line":63,"column":1}},"line":7},"1":{"name":"(anonymous_1)","decl":{"start":{"line":10,"column":21},"end":{"line":10,"column":22}},"loc":{"start":{"line":10,"column":32},"end":{"line":14,"column":1}},"line":10},"2":{"name":"(anonymous_2)","decl":{"start":{"line":16,"column":27},"end":{"line":16,"column":28}},"loc":{"start":{"line":16,"column":39},"end":{"line":23,"column":1}},"line":16},"3":{"name":"(anonymous_3)","decl":{"start":{"line":26,"column":20},"end":{"line":26,"column":21}},"loc":{"start":{"line":26,"column":31},"end":{"line":32,"column":1}},"line":26},"4":{"name":"(anonymous_4)","decl":{"start":{"line":35,"column":19},"end":{"line":35,"column":20}},"loc":{"start":{"line":35,"column":31},"end":{"line":38,"column":3}},"line":35},"5":{"name":"(anonymous_5)","decl":{"start":{"line":41,"column":19},"end":{"line":41,"column":20}},"loc":{"start":{"line":41,"column":31},"end":{"line":44,"column":3}},"line":41},"6":{"name":"(anonymous_6)","decl":{"start":{"line":46,"column":23},"end":{"line":46,"column":24}},"loc":{"start":{"line":46,"column":35},"end":{"line":49,"column":3}},"line":46}},"branchMap":{"0":{"loc":{"start":{"line":11,"column":2},"end":{"line":13,"column":3}},"type":"if","locations":[{"start":{"line":11,"column":2},"end":{"line":13,"column":3}},{"start":{},"end":{}}],"line":11},"1":{"loc":{"start":{"line":18,"column":4},"end":{"line":20,"column":5}},"type":"if","locations":[{"start":{"line":18,"column":4},"end":{"line":20,"column":5}},{"start":{},"end":{}}],"line":18},"2":{"loc":{"start":{"line":27,"column":2},"end":{"line":31,"column":3}},"type":"if","locations":[{"start":{"line":27,"column":2},"end":{"line":31,"column":3}},{"start":{"line":29,"column":9},"end":{"line":31,"column":3}}],"line":27}},"s":{"0":1,"1":0,"2":0,"3":0,"4":0,"5":0,"6":0,"7":0,"8":0,"9":0,"10":0,"11":0,"12":0,"13":0,"14":0,"15":0,"16":0,"17":0,"18":0,"19":0,"20":0,"21":0,"22":0,"23":0},"f":{"0":0,"1":0,"2":0,"3":0,"4":0,"5":0,"6":0},"b":{"0":[0,0],"1":[0,0],"2":[0,0]},"_coverageSchema":"1a1c01bbd47fc00a2c39e90264f33305004495a9","hash":"d1ecc97b62b48ec42fa1ae418f2824d6e22f3d60"}
,"/home/brawoods/hackreactor/senior-phase/black-clover-FEC/client/src/components/related/lists/RelatedProductList.jsx": {"path":"/home/brawoods/hackreactor/senior-phase/black-clover-FEC/client/src/components/related/lists/RelatedProductList.jsx","statementMap":{"0":{"start":{"line":6,"column":27},"end":{"line":20,"column":1}},"1":{"start":{"line":10,"column":2},"end":{"line":19,"column":3}},"2":{"start":{"line":15,"column":10},"end":{"line":15,"column":82}}},"fnMap":{"0":{"name":"(anonymous_0)","decl":{"start":{"line":6,"column":27},"end":{"line":6,"column":28}},"loc":{"start":{"line":6,"column":47},"end":{"line":20,"column":1}},"line":6},"1":{"name":"(anonymous_1)","decl":{"start":{"line":14,"column":26},"end":{"line":14,"column":27}},"loc":{"start":{"line":14,"column":39},"end":{"line":16,"column":9}},"line":14}},"branchMap":{},"s":{"0":1,"1":1,"2":0},"f":{"0":1,"1":0},"b":{},"_coverageSchema":"1a1c01bbd47fc00a2c39e90264f33305004495a9","hash":"32a308a65e72e0c5abb8c2e0f196a516cc482092"}
,"/home/brawoods/hackreactor/senior-phase/black-clover-FEC/client/src/components/related/lists/YourOutfitList.jsx": {"path":"/home/brawoods/hackreactor/senior-phase/black-clover-FEC/client/src/components/related/lists/YourOutfitList.jsx","statementMap":{"0":{"start":{"line":4,"column":23},"end":{"line":15,"column":1}},"1":{"start":{"line":6,"column":2},"end":{"line":13,"column":3}}},"fnMap":{"0":{"name":"(anonymous_0)","decl":{"start":{"line":4,"column":23},"end":{"line":4,"column":24}},"loc":{"start":{"line":4,"column":29},"end":{"line":15,"column":1}},"line":4}},"branchMap":{},"s":{"0":1,"1":1},"f":{"0":1},"b":{},"_coverageSchema":"1a1c01bbd47fc00a2c39e90264f33305004495a9","hash":"14925706d89eb5d626762c18a72eb25765df6e27"}
,"/home/brawoods/hackreactor/senior-phase/black-clover-FEC/client/src/env/config.js": {"path":"/home/brawoods/hackreactor/senior-phase/black-clover-FEC/client/src/env/config.js","statementMap":{"0":{"start":{"line":6,"column":15},"end":{"line":9,"column":1}},"1":{"start":{"line":11,"column":0},"end":{"line":11,"column":24}}},"fnMap":{},"branchMap":{},"s":{"0":1,"1":1},"f":{},"b":{},"_coverageSchema":"1a1c01bbd47fc00a2c39e90264f33305004495a9","hash":"849ac33d31f738ac9bf44c7949b281f7229a7dd0"}
,"/home/brawoods/hackreactor/senior-phase/black-clover-FEC/client/src/lib/api.js": {"path":"/home/brawoods/hackreactor/senior-phase/black-clover-FEC/client/src/lib/api.js","statementMap":{"0":{"start":{"line":8,"column":12},"end":{"line":8,"column":14}},"1":{"start":{"line":10,"column":12},"end":{"line":10,"column":80}},"2":{"start":{"line":12,"column":12},"end":{"line":16,"column":1}},"3":{"start":{"line":13,"column":2},"end":{"line":15,"column":83}},"4":{"start":{"line":14,"column":21},"end":{"line":14,"column":33}},"5":{"start":{"line":15,"column":18},"end":{"line":15,"column":81}},"6":{"start":{"line":18,"column":13},"end":{"line":22,"column":1}},"7":{"start":{"line":19,"column":2},"end":{"line":21,"column":83}},"8":{"start":{"line":20,"column":21},"end":{"line":20,"column":33}},"9":{"start":{"line":21,"column":18},"end":{"line":21,"column":81}},"10":{"start":{"line":24,"column":12},"end":{"line":28,"column":1}},"11":{"start":{"line":25,"column":2},"end":{"line":27,"column":83}},"12":{"start":{"line":26,"column":21},"end":{"line":26,"column":33}},"13":{"start":{"line":27,"column":18},"end":{"line":27,"column":81}},"14":{"start":{"line":35,"column":0},"end":{"line":37,"column":2}},"15":{"start":{"line":36,"column":2},"end":{"line":36,"column":33}},"16":{"start":{"line":39,"column":0},"end":{"line":41,"column":1}},"17":{"start":{"line":40,"column":2},"end":{"line":40,"column":39}},"18":{"start":{"line":43,"column":0},"end":{"line":45,"column":1}},"19":{"start":{"line":44,"column":2},"end":{"line":44,"column":46}},"20":{"start":{"line":47,"column":0},"end":{"line":49,"column":1}},"21":{"start":{"line":48,"column":2},"end":{"line":48,"column":47}},"22":{"start":{"line":52,"column":2},"end":{"line":69,"column":3}},"23":{"start":{"line":53,"column":18},"end":{"line":53,"column":20}},"24":{"start":{"line":55,"column":4},"end":{"line":68,"column":36}},"25":{"start":{"line":57,"column":6},"end":{"line":57,"column":29}},"26":{"start":{"line":58,"column":6},"end":{"line":58,"column":38}},"27":{"start":{"line":61,"column":6},"end":{"line":61,"column":28}},"28":{"start":{"line":62,"column":6},"end":{"line":62,"column":54}},"29":{"start":{"line":65,"column":6},"end":{"line":65,"column":33}},"30":{"start":{"line":66,"column":6},"end":{"line":66,"column":21}},"31":{"start":{"line":68,"column":18},"end":{"line":68,"column":34}},"32":{"start":{"line":72,"column":0},"end":{"line":89,"column":1}},"33":{"start":{"line":73,"column":16},"end":{"line":73,"column":18}},"34":{"start":{"line":75,"column":2},"end":{"line":88,"column":34}},"35":{"start":{"line":77,"column":4},"end":{"line":77,"column":27}},"36":{"start":{"line":78,"column":4},"end":{"line":78,"column":36}},"37":{"start":{"line":81,"column":4},"end":{"line":81,"column":26}},"38":{"start":{"line":82,"column":4},"end":{"line":82,"column":52}},"39":{"start":{"line":85,"column":4},"end":{"line":85,"column":31}},"40":{"start":{"line":86,"column":4},"end":{"line":86,"column":19}},"41":{"start":{"line":88,"column":16},"end":{"line":88,"column":32}},"42":{"start":{"line":92,"column":0},"end":{"line":94,"column":1}},"43":{"start":{"line":93,"column":2},"end":{"line":93,"column":38}},"44":{"start":{"line":96,"column":0},"end":{"line":98,"column":1}},"45":{"start":{"line":97,"column":2},"end":{"line":97,"column":61}},"46":{"start":{"line":100,"column":0},"end":{"line":102,"column":1}},"47":{"start":{"line":101,"column":2},"end":{"line":101,"column":39}},"48":{"start":{"line":104,"column":0},"end":{"line":106,"column":1}},"49":{"start":{"line":105,"column":2},"end":{"line":105,"column":62}},"50":{"start":{"line":108,"column":0},"end":{"line":110,"column":1}},"51":{"start":{"line":109,"column":2},"end":{"line":109,"column":53}},"52":{"start":{"line":112,"column":0},"end":{"line":114,"column":1}},"53":{"start":{"line":113,"column":2},"end":{"line":113,"column":51}},"54":{"start":{"line":116,"column":0},"end":{"line":118,"column":1}},"55":{"start":{"line":117,"column":2},"end":{"line":117,"column":48}},"56":{"start":{"line":120,"column":0},"end":{"line":122,"column":1}},"57":{"start":{"line":121,"column":2},"end":{"line":121,"column":47}},"58":{"start":{"line":126,"column":0},"end":{"line":129,"column":2}},"59":{"start":{"line":127,"column":2},"end":{"line":128,"column":32}},"60":{"start":{"line":128,"column":18},"end":{"line":128,"column":30}},"61":{"start":{"line":131,"column":0},"end":{"line":147,"column":2}},"62":{"start":{"line":132,"column":2},"end":{"line":146,"column":36}},"63":{"start":{"line":134,"column":23},"end":{"line":134,"column":24}},"64":{"start":{"line":135,"column":23},"end":{"line":135,"column":24}},"65":{"start":{"line":136,"column":6},"end":{"line":140,"column":7}},"66":{"start":{"line":137,"column":22},"end":{"line":137,"column":52}},"67":{"start":{"line":138,"column":8},"end":{"line":138,"column":28}},"68":{"start":{"line":139,"column":8},"end":{"line":139,"column":37}},"69":{"start":{"line":141,"column":6},"end":{"line":141,"column":37}},"70":{"start":{"line":142,"column":6},"end":{"line":142,"column":51}},"71":{"start":{"line":143,"column":6},"end":{"line":143,"column":56}},"72":{"start":{"line":144,"column":6},"end":{"line":144,"column":18}},"73":{"start":{"line":146,"column":16},"end":{"line":146,"column":34}},"74":{"start":{"line":149,"column":0},"end":{"line":151,"column":2}},"75":{"start":{"line":150,"column":2},"end":{"line":150,"column":33}},"76":{"start":{"line":153,"column":0},"end":{"line":155,"column":2}},"77":{"start":{"line":154,"column":2},"end":{"line":154,"column":45}},"78":{"start":{"line":157,"column":0},"end":{"line":159,"column":2}},"79":{"start":{"line":158,"column":2},"end":{"line":158,"column":44}},"80":{"start":{"line":162,"column":0},"end":{"line":164,"column":2}},"81":{"start":{"line":163,"column":2},"end":{"line":163,"column":28}},"82":{"start":{"line":166,"column":0},"end":{"line":168,"column":2}},"83":{"start":{"line":167,"column":2},"end":{"line":167,"column":30}},"84":{"start":{"line":171,"column":0},"end":{"line":173,"column":2}},"85":{"start":{"line":172,"column":2},"end":{"line":172,"column":41}}},"fnMap":{"0":{"name":"(anonymous_0)","decl":{"start":{"line":12,"column":12},"end":{"line":12,"column":13}},"loc":{"start":{"line":12,"column":39},"end":{"line":16,"column":1}},"line":12},"1":{"name":"(anonymous_1)","decl":{"start":{"line":14,"column":10},"end":{"line":14,"column":11}},"loc":{"start":{"line":14,"column":21},"end":{"line":14,"column":33}},"line":14},"2":{"name":"(anonymous_2)","decl":{"start":{"line":15,"column":11},"end":{"line":15,"column":12}},"loc":{"start":{"line":15,"column":18},"end":{"line":15,"column":81}},"line":15},"3":{"name":"(anonymous_3)","decl":{"start":{"line":18,"column":13},"end":{"line":18,"column":14}},"loc":{"start":{"line":18,"column":51},"end":{"line":22,"column":1}},"line":18},"4":{"name":"(anonymous_4)","decl":{"start":{"line":20,"column":10},"end":{"line":20,"column":11}},"loc":{"start":{"line":20,"column":21},"end":{"line":20,"column":33}},"line":20},"5":{"name":"(anonymous_5)","decl":{"start":{"line":21,"column":11},"end":{"line":21,"column":12}},"loc":{"start":{"line":21,"column":18},"end":{"line":21,"column":81}},"line":21},"6":{"name":"(anonymous_6)","decl":{"start":{"line":24,"column":12},"end":{"line":24,"column":13}},"loc":{"start":{"line":24,"column":50},"end":{"line":28,"column":1}},"line":24},"7":{"name":"(anonymous_7)","decl":{"start":{"line":26,"column":10},"end":{"line":26,"column":11}},"loc":{"start":{"line":26,"column":21},"end":{"line":26,"column":33}},"line":26},"8":{"name":"(anonymous_8)","decl":{"start":{"line":27,"column":11},"end":{"line":27,"column":12}},"loc":{"start":{"line":27,"column":18},"end":{"line":27,"column":81}},"line":27},"9":{"name":"(anonymous_9)","decl":{"start":{"line":35,"column":19},"end":{"line":35,"column":20}},"loc":{"start":{"line":35,"column":31},"end":{"line":37,"column":1}},"line":35},"10":{"name":"(anonymous_10)","decl":{"start":{"line":39,"column":19},"end":{"line":39,"column":20}},"loc":{"start":{"line":39,"column":35},"end":{"line":41,"column":1}},"line":39},"11":{"name":"(anonymous_11)","decl":{"start":{"line":43,"column":23},"end":{"line":43,"column":24}},"loc":{"start":{"line":43,"column":39},"end":{"line":45,"column":1}},"line":43},"12":{"name":"(anonymous_12)","decl":{"start":{"line":47,"column":25},"end":{"line":47,"column":26}},"loc":{"start":{"line":47,"column":41},"end":{"line":49,"column":1}},"line":47},"13":{"name":"(anonymous_13)","decl":{"start":{"line":52,"column":27},"end":{"line":52,"column":28}},"loc":{"start":{"line":52,"column":35},"end":{"line":69,"column":3}},"line":52},"14":{"name":"(anonymous_14)","decl":{"start":{"line":56,"column":10},"end":{"line":56,"column":11}},"loc":{"start":{"line":56,"column":20},"end":{"line":59,"column":5}},"line":56},"15":{"name":"(anonymous_15)","decl":{"start":{"line":60,"column":10},"end":{"line":60,"column":11}},"loc":{"start":{"line":60,"column":20},"end":{"line":63,"column":5}},"line":60},"16":{"name":"(anonymous_16)","decl":{"start":{"line":64,"column":10},"end":{"line":64,"column":11}},"loc":{"start":{"line":64,"column":20},"end":{"line":67,"column":5}},"line":64},"17":{"name":"(anonymous_17)","decl":{"start":{"line":68,"column":11},"end":{"line":68,"column":12}},"loc":{"start":{"line":68,"column":18},"end":{"line":68,"column":34}},"line":68},"18":{"name":"(anonymous_18)","decl":{"start":{"line":72,"column":25},"end":{"line":72,"column":26}},"loc":{"start":{"line":72,"column":33},"end":{"line":89,"column":1}},"line":72},"19":{"name":"(anonymous_19)","decl":{"start":{"line":76,"column":8},"end":{"line":76,"column":9}},"loc":{"start":{"line":76,"column":18},"end":{"line":79,"column":3}},"line":76},"20":{"name":"(anonymous_20)","decl":{"start":{"line":80,"column":8},"end":{"line":80,"column":9}},"loc":{"start":{"line":80,"column":18},"end":{"line":83,"column":3}},"line":80},"21":{"name":"(anonymous_21)","decl":{"start":{"line":84,"column":8},"end":{"line":84,"column":9}},"loc":{"start":{"line":84,"column":18},"end":{"line":87,"column":3}},"line":84},"22":{"name":"(anonymous_22)","decl":{"start":{"line":88,"column":9},"end":{"line":88,"column":10}},"loc":{"start":{"line":88,"column":16},"end":{"line":88,"column":32}},"line":88},"23":{"name":"(anonymous_23)","decl":{"start":{"line":92,"column":20},"end":{"line":92,"column":21}},"loc":{"start":{"line":92,"column":32},"end":{"line":94,"column":1}},"line":92},"24":{"name":"(anonymous_24)","decl":{"start":{"line":96,"column":18},"end":{"line":96,"column":19}},"loc":{"start":{"line":96,"column":35},"end":{"line":98,"column":1}},"line":96},"25":{"name":"(anonymous_25)","decl":{"start":{"line":100,"column":18},"end":{"line":100,"column":19}},"loc":{"start":{"line":100,"column":30},"end":{"line":102,"column":1}},"line":100},"26":{"name":"(anonymous_26)","decl":{"start":{"line":104,"column":16},"end":{"line":104,"column":17}},"loc":{"start":{"line":104,"column":33},"end":{"line":106,"column":1}},"line":104},"27":{"name":"(anonymous_27)","decl":{"start":{"line":108,"column":26},"end":{"line":108,"column":27}},"loc":{"start":{"line":108,"column":43},"end":{"line":110,"column":1}},"line":108},"28":{"name":"(anonymous_28)","decl":{"start":{"line":112,"column":20},"end":{"line":112,"column":21}},"loc":{"start":{"line":112,"column":37},"end":{"line":114,"column":1}},"line":112},"29":{"name":"(anonymous_29)","decl":{"start":{"line":116,"column":24},"end":{"line":116,"column":25}},"loc":{"start":{"line":116,"column":39},"end":{"line":118,"column":1}},"line":116},"30":{"name":"(anonymous_30)","decl":{"start":{"line":120,"column":19},"end":{"line":120,"column":20}},"loc":{"start":{"line":120,"column":34},"end":{"line":122,"column":1}},"line":120},"31":{"name":"(anonymous_31)","decl":{"start":{"line":126,"column":18},"end":{"line":126,"column":19}},"loc":{"start":{"line":126,"column":30},"end":{"line":129,"column":1}},"line":126},"32":{"name":"(anonymous_32)","decl":{"start":{"line":128,"column":10},"end":{"line":128,"column":11}},"loc":{"start":{"line":128,"column":18},"end":{"line":128,"column":30}},"line":128},"33":{"name":"(anonymous_33)","decl":{"start":{"line":131,"column":25},"end":{"line":131,"column":26}},"loc":{"start":{"line":131,"column":37},"end":{"line":147,"column":1}},"line":131},"34":{"name":"(anonymous_34)","decl":{"start":{"line":133,"column":10},"end":{"line":133,"column":11}},"loc":{"start":{"line":133,"column":18},"end":{"line":145,"column":3}},"line":133},"35":{"name":"(anonymous_35)","decl":{"start":{"line":146,"column":9},"end":{"line":146,"column":10}},"loc":{"start":{"line":146,"column":16},"end":{"line":146,"column":34}},"line":146},"36":{"name":"(anonymous_36)","decl":{"start":{"line":149,"column":16},"end":{"line":149,"column":17}},"loc":{"start":{"line":149,"column":28},"end":{"line":151,"column":1}},"line":149},"37":{"name":"(anonymous_37)","decl":{"start":{"line":153,"column":24},"end":{"line":153,"column":25}},"loc":{"start":{"line":153,"column":39},"end":{"line":155,"column":1}},"line":153},"38":{"name":"(anonymous_38)","decl":{"start":{"line":157,"column":19},"end":{"line":157,"column":20}},"loc":{"start":{"line":157,"column":34},"end":{"line":159,"column":1}},"line":157},"39":{"name":"(anonymous_39)","decl":{"start":{"line":162,"column":14},"end":{"line":162,"column":15}},"loc":{"start":{"line":162,"column":24},"end":{"line":164,"column":1}},"line":162},"40":{"name":"(anonymous_40)","decl":{"start":{"line":166,"column":14},"end":{"line":166,"column":15}},"loc":{"start":{"line":166,"column":26},"end":{"line":168,"column":1}},"line":166},"41":{"name":"(anonymous_41)","decl":{"start":{"line":171,"column":19},"end":{"line":171,"column":20}},"loc":{"start":{"line":171,"column":36},"end":{"line":173,"column":1}},"line":171}},"branchMap":{"0":{"loc":{"start":{"line":12,"column":23},"end":{"line":12,"column":34}},"type":"default-arg","locations":[{"start":{"line":12,"column":32},"end":{"line":12,"column":34}}],"line":12},"1":{"loc":{"start":{"line":18,"column":24},"end":{"line":18,"column":33}},"type":"default-arg","locations":[{"start":{"line":18,"column":31},"end":{"line":18,"column":33}}],"line":18},"2":{"loc":{"start":{"line":18,"column":35},"end":{"line":18,"column":46}},"type":"default-arg","locations":[{"start":{"line":18,"column":44},"end":{"line":18,"column":46}}],"line":18},"3":{"loc":{"start":{"line":24,"column":23},"end":{"line":24,"column":32}},"type":"default-arg","locations":[{"start":{"line":24,"column":30},"end":{"line":24,"column":32}}],"line":24},"4":{"loc":{"start":{"line":24,"column":34},"end":{"line":24,"column":45}},"type":"default-arg","locations":[{"start":{"line":24,"column":43},"end":{"line":24,"column":45}}],"line":24}},"s":{"0":1,"1":1,"2":1,"3":0,"4":0,"5":0,"6":1,"7":0,"8":0,"9":0,"10":1,"11":0,"12":0,"13":0,"14":1,"15":0,"16":1,"17":0,"18":1,"19":0,"20":1,"21":0,"22":1,"23":0,"24":0,"25":0,"26":0,"27":0,"28":0,"29":0,"30":0,"31":0,"32":1,"33":0,"34":0,"35":0,"36":0,"37":0,"38":0,"39":0,"40":0,"41":0,"42":1,"43":0,"44":1,"45":0,"46":1,"47":0,"48":1,"49":0,"50":1,"51":0,"52":1,"53":0,"54":1,"55":0,"56":1,"57":0,"58":1,"59":0,"60":0,"61":1,"62":0,"63":0,"64":0,"65":0,"66":0,"67":0,"68":0,"69":0,"70":0,"71":0,"72":0,"73":0,"74":1,"75":0,"76":1,"77":0,"78":1,"79":0,"80":1,"81":0,"82":1,"83":0,"84":1,"85":0},"f":{"0":0,"1":0,"2":0,"3":0,"4":0,"5":0,"6":0,"7":0,"8":0,"9":0,"10":0,"11":0,"12":0,"13":0,"14":0,"15":0,"16":0,"17":0,"18":0,"19":0,"20":0,"21":0,"22":0,"23":0,"24":0,"25":0,"26":0,"27":0,"28":0,"29":0,"30":0,"31":0,"32":0,"33":0,"34":0,"35":0,"36":0,"37":0,"38":0,"39":0,"40":0,"41":0},"b":{"0":[0],"1":[0],"2":[0],"3":[0],"4":[0]},"_coverageSchema":"1a1c01bbd47fc00a2c39e90264f33305004495a9","hash":"606fd16d5fd51b843f2a47c9092aea843b99f397"}
}
