{"/home/brawoods/hackreactor/senior-phase/black-clover-FEC/client/src/components/related/ComparisonModal.jsx": {"path":"/home/brawoods/hackreactor/senior-phase/black-clover-FEC/client/src/components/related/ComparisonModal.jsx","statementMap":{"0":{"start":{"line":7,"column":24},"end":{"line":12,"column":1}},"1":{"start":{"line":9,"column":2},"end":{"line":11,"column":3}}},"fnMap":{"0":{"name":"(anonymous_0)","decl":{"start":{"line":7,"column":24},"end":{"line":7,"column":25}},"loc":{"start":{"line":7,"column":30},"end":{"line":12,"column":1}},"line":7}},"branchMap":{},"s":{"0":1,"1":1},"f":{"0":1},"b":{},"_coverageSchema":"1a1c01bbd47fc00a2c39e90264f33305004495a9","hash":"1ce27114828828ffd5941bbdfe83b2104486b8e2"}
}
