TN:
SF:client/src/assets/Stars.jsx
FN:8,(anonymous_0)
FN:23,(anonymous_1)
FN:34,(anonymous_2)
FNF:3
FNH:2
FNDA:5,(anonymous_0)
FNDA:0,(anonymous_1)
FNDA:1,(anonymous_2)
DA:8,5
DA:10,1
DA:16,1
DA:19,1
DA:23,1
DA:24,0
DA:34,1
DA:35,1
DA:36,1
DA:37,1
DA:38,1
DA:40,1
DA:41,1
DA:42,1
DA:43,0
DA:44,0
DA:46,1
DA:47,0
DA:48,0
DA:50,1
DA:51,5
DA:52,5
DA:55,1
LF:23
LH:18
BRDA:46,0,0,0
BRDA:46,0,1,1
BRF:2
BRH:1
end_of_record
TN:
SF:client/src/assets/Stylesheet.jsx
FN:138,(anonymous_0)
FN:143,(anonymous_1)
FNF:2
FNH:0
FNDA:0,(anonymous_0)
FNDA:0,(anonymous_1)
DA:3,1
DA:138,0
DA:143,0
LF:3
LH:1
BRF:0
BRH:0
end_of_record
TN:
SF:client/src/components/related/assets/Stylesheet.jsx
FNF:0
FNH:0
DA:5,1
LF:1
LH:1
BRF:0
BRH:0
end_of_record
TN:
SF:client/src/components/related/card_components/AddToOutfitCard.jsx
FN:6,(anonymous_0)
FN:9,(anonymous_1)
FNF:2
FNH:1
FNDA:1,(anonymous_0)
FNDA:0,(anonymous_1)
DA:6,1
DA:8,1
DA:9,0
LF:3
LH:2
BRF:0
BRH:0
end_of_record
TN:
SF:client/src/components/related/card_components/ProductCard.jsx
FN:7,(anonymous_0)
FN:12,(anonymous_1)
FN:18,(anonymous_2)
FN:27,(anonymous_3)
FN:34,(anonymous_4)
FN:37,(anonymous_5)
FN:45,(anonymous_6)
FN:49,(anonymous_7)
FN:54,(anonymous_8)
FN:57,(anonymous_9)
FN:60,(anonymous_10)
FNF:11
FNH:1
FNDA:1,(anonymous_0)
FNDA:0,(anonymous_1)
FNDA:0,(anonymous_2)
FNDA:0,(anonymous_3)
FNDA:0,(anonymous_4)
FNDA:0,(anonymous_5)
FNDA:0,(anonymous_6)
FNDA:0,(anonymous_7)
FNDA:0,(anonymous_8)
FNDA:0,(anonymous_9)
FNDA:0,(anonymous_10)
DA:7,1
DA:8,1
DA:9,1
DA:10,1
DA:12,1
DA:13,0
DA:14,0
DA:18,1
DA:19,0
DA:20,0
DA:21,0
DA:24,0
DA:27,1
DA:28,0
DA:29,0
DA:30,0
DA:31,0
DA:34,1
DA:37,1
DA:38,0
DA:39,0
DA:41,0
DA:45,1
DA:46,0
DA:49,1
DA:50,0
DA:53,1
DA:54,0
DA:58,0
DA:61,0
DA:62,0
LF:31
LH:12
BRDA:13,0,0,0
BRDA:13,0,1,0
BRDA:20,1,0,0
BRDA:20,1,1,0
BRDA:38,2,0,0
BRDA:38,2,1,0
BRDA:56,3,0,0
BRDA:56,3,1,1
BRF:8
BRH:1
end_of_record
TN:
SF:client/src/components/related/card_components/ProductInformation.jsx
FN:5,(anonymous_0)
FNF:1
FNH:1
FNDA:1,(anonymous_0)
DA:5,1
DA:7,1
LF:2
LH:2
BRF:0
BRH:0
end_of_record
TN:
SF:client/src/components/related/lists/RelatedProductList.jsx
FN:6,(anonymous_0)
FN:12,(anonymous_1)
FN:15,(anonymous_2)
FN:27,(anonymous_3)
FNF:4
FNH:0
FNDA:0,(anonymous_0)
FNDA:0,(anonymous_1)
FNDA:0,(anonymous_2)
FNDA:0,(anonymous_3)
DA:6,1
DA:9,0
DA:12,0
DA:16,0
DA:27,0
LF:5
LH:1
BRF:0
BRH:0
end_of_record
TN:
SF:client/src/components/related/lists/YourOutfitList.jsx
FN:7,(anonymous_0)
FN:12,(anonymous_1)
FN:15,(anonymous_2)
FN:33,(anonymous_3)
FNF:4
FNH:0
FNDA:0,(anonymous_0)
FNDA:0,(anonymous_1)
FNDA:0,(anonymous_2)
FNDA:0,(anonymous_3)
DA:7,1
DA:9,0
DA:12,0
DA:16,0
DA:17,0
DA:23,0
DA:33,0
LF:7
LH:1
BRDA:16,0,0,0
BRDA:16,0,1,0
BRF:2
BRH:0
end_of_record
TN:
SF:client/src/env/config.js
FNF:0
FNH:0
DA:6,2
DA:11,2
LF:2
LH:2
BRF:0
BRH:0
end_of_record
TN:
SF:client/src/lib/api.js
FN:31,(anonymous_0)
FN:33,(anonymous_1)
FN:34,(anonymous_2)
FN:37,(anonymous_3)
FN:39,(anonymous_4)
FN:40,(anonymous_5)
FN:43,(anonymous_6)
FN:45,(anonymous_7)
FN:46,(anonymous_8)
FN:54,(anonymous_9)
FN:58,(anonymous_10)
FN:62,(anonymous_11)
FN:66,(anonymous_12)
FN:73,(anonymous_13)
FN:82,(anonymous_14)
FN:86,(anonymous_15)
FN:90,(anonymous_16)
FN:94,(anonymous_17)
FN:98,(anonymous_18)
FN:102,(anonymous_19)
FN:106,(anonymous_20)
FN:110,(anonymous_21)
FN:116,(anonymous_22)
FN:118,(anonymous_23)
FN:121,(anonymous_24)
FN:123,(anonymous_25)
FN:136,(anonymous_26)
FN:139,(anonymous_27)
FN:143,(anonymous_28)
FN:147,(anonymous_29)
FN:153,(anonymous_30)
FN:158,(anonymous_31)
FN:164,(anonymous_32)
FN:173,(anonymous_33)
FN:183,(anonymous_34)
FN:184,(anonymous_35)
FN:187,(anonymous_36)
FN:198,(anonymous_37)
FN:199,(anonymous_38)
FN:202,(anonymous_39)
FN:204,(anonymous_40)
FN:205,(anonymous_41)
FNF:42
FNH:3
FNDA:1,(anonymous_0)
FNDA:1,(anonymous_1)
FNDA:0,(anonymous_2)
FNDA:0,(anonymous_3)
FNDA:0,(anonymous_4)
FNDA:0,(anonymous_5)
FNDA:0,(anonymous_6)
FNDA:0,(anonymous_7)
FNDA:0,(anonymous_8)
FNDA:0,(anonymous_9)
FNDA:1,(anonymous_10)
FNDA:0,(anonymous_11)
FNDA:0,(anonymous_12)
FNDA:0,(anonymous_13)
FNDA:0,(anonymous_14)
FNDA:0,(anonymous_15)
FNDA:0,(anonymous_16)
FNDA:0,(anonymous_17)
FNDA:0,(anonymous_18)
FNDA:0,(anonymous_19)
FNDA:0,(anonymous_20)
FNDA:0,(anonymous_21)
FNDA:0,(anonymous_22)
FNDA:0,(anonymous_23)
FNDA:0,(anonymous_24)
FNDA:0,(anonymous_25)
FNDA:0,(anonymous_26)
FNDA:0,(anonymous_27)
FNDA:0,(anonymous_28)
FNDA:0,(anonymous_29)
FNDA:0,(anonymous_30)
FNDA:0,(anonymous_31)
FNDA:0,(anonymous_32)
FNDA:0,(anonymous_33)
FNDA:0,(anonymous_34)
FNDA:0,(anonymous_35)
FNDA:0,(anonymous_36)
FNDA:0,(anonymous_37)
FNDA:0,(anonymous_38)
FNDA:0,(anonymous_39)
FNDA:0,(anonymous_40)
FNDA:0,(anonymous_41)
DA:8,2
DA:11,2
DA:12,2
DA:13,2
DA:16,2
DA:17,2
DA:21,2
DA:25,2
DA:31,2
DA:32,1
DA:33,1
DA:34,0
DA:37,2
DA:38,0
DA:39,0
DA:40,0
DA:43,2
DA:44,0
DA:45,0
DA:46,0
DA:54,2
DA:55,0
DA:58,2
DA:59,1
DA:62,2
DA:63,0
DA:66,2
DA:67,0
DA:73,2
DA:74,0
DA:75,0
DA:76,0
DA:77,0
DA:78,0
DA:82,2
DA:83,0
DA:86,2
DA:87,0
DA:90,2
DA:91,0
DA:94,2
DA:95,0
DA:98,2
DA:99,0
DA:102,2
DA:103,0
DA:106,2
DA:107,0
DA:110,2
DA:111,0
DA:116,2
DA:117,0
DA:118,0
DA:121,2
DA:122,0
DA:124,0
DA:125,0
DA:126,0
DA:127,0
DA:128,0
DA:129,0
DA:131,0
DA:132,0
DA:133,0
DA:134,0
DA:136,0
DA:139,2
DA:140,0
DA:143,2
DA:144,0
DA:147,2
DA:148,0
DA:153,2
DA:154,0
DA:158,2
DA:159,0
DA:164,2
DA:165,0
DA:173,2
DA:175,0
DA:182,0
DA:183,0
DA:184,0
DA:187,2
DA:189,0
DA:197,0
DA:198,0
DA:199,0
DA:202,2
DA:203,0
DA:204,0
DA:205,0
LF:92
LH:38
BRDA:31,0,0,1
BRDA:37,1,0,0
BRDA:37,2,0,0
BRDA:43,3,0,0
BRDA:43,4,0,0
BRF:5
BRH:1
end_of_record
